# JRE version: Java(TM) SE Runtime Environment (8.0_112-b15) (build 1.8.0_112-b15)
# Java VM: Java HotSpot(TM) 64-Bit Server VM (25.112-b15 mixed mode linux-amd64 compressed oops)
Heap:
 PSYoungGen      total 441344K, used 7133K [0x00000000e0000000, 0x0000000100000000, 0x0000000100000000)
  eden space 408576K, 0% used [0x00000000e0000000,0x00000000e0000000,0x00000000f8f00000)
  from space 32768K, 21% used [0x00000000fe000000,0x00000000fe6f7760,0x0000000100000000)
  to   space 57856K, 0% used [0x00000000f8f00000,0x00000000f8f00000,0x00000000fc780000)
 ParOldGen       total 96768K, used 96530K [0x00000000a0000000, 0x00000000a5e80000, 0x00000000e0000000)
  object space 96768K, 99% used [0x00000000a0000000,0x00000000a5e44a78,0x00000000a5e80000)
 Metaspace       used 68812K, capacity 71512K, committed 71808K, reserved 1112064K
  class space    used 8731K, capacity 9282K, committed 9344K, reserved 1048576K
GC Heap History (10 events):
Event: 395.620 GC heap after
Heap after GC invocations=28 (full 6):
 PSYoungGen      total 445440K, used 14045K [0x00000000e0000000, 0x0000000100000000, 0x0000000100000000)
  eden space 414208K, 0% used [0x00000000e0000000,0x00000000e0000000,0x00000000f9480000)
  from space 31232K, 44% used [0x00000000fb200000,0x00000000fbfb7798,0x00000000fd080000)
  to   space 30208K, 0% used [0x00000000f9480000,0x00000000f9480000,0x00000000fb200000)
 ParOldGen       total 96768K, used 38133K [0x00000000a0000000, 0x00000000a5e80000, 0x00000000e0000000)
  object space 96768K, 39% used [0x00000000a0000000,0x00000000a253d448,0x00000000a5e80000)
 Metaspace       used 67580K, capacity 70192K, committed 70400K, reserved 1110016K
  class space    used 8636K, capacity 9132K, committed 9216K, reserved 1048576K
}
Event: 396.982 GC heap before
{Heap before GC invocations=29 (full 6):
 PSYoungGen      total 445440K, used 428253K [0x00000000e0000000, 0x0000000100000000, 0x0000000100000000)
  eden space 414208K, 100% used [0x00000000e0000000,0x00000000f9480000,0x00000000f9480000)
  from space 31232K, 44% used [0x00000000fb200000,0x00000000fbfb7798,0x00000000fd080000)
  to   space 30208K, 0% used [0x00000000f9480000,0x00000000f9480000,0x00000000fb200000)
 ParOldGen       total 96768K, used 38133K [0x00000000a0000000, 0x00000000a5e80000, 0x00000000e0000000)
  object space 96768K, 39% used [0x00000000a0000000,0x00000000a253d448,0x00000000a5e80000)
 Metaspace       used 68520K, capacity 71192K, committed 71296K, reserved 1112064K
  class space    used 8726K, capacity 9282K, committed 9344K, reserved 1048576K
Event: 396.996 GC heap after
Heap after GC invocations=29 (full 6):
 PSYoungGen      total 444416K, used 9663K [0x00000000e0000000, 0x00000000ffc00000, 0x0000000100000000)
  eden space 414208K, 0% used [0x00000000e0000000,0x00000000e0000000,0x00000000f9480000)
  from space 30208K, 31% used [0x00000000f9480000,0x00000000f9deff68,0x00000000fb200000)
  to   space 28672K, 0% used [0x00000000fe000000,0x00000000fe000000,0x00000000ffc00000)
 ParOldGen       total 96768K, used 38133K [0x00000000a0000000, 0x00000000a5e80000, 0x00000000e0000000)
  object space 96768K, 39% used [0x00000000a0000000,0x00000000a253d448,0x00000000a5e80000)
 Metaspace       used 68520K, capacity 71192K, committed 71296K, reserved 1112064K
  class space    used 8726K, capacity 9282K, committed 9344K, reserved 1048576K
}
Event: 397.880 GC heap before
{Heap before GC invocations=30 (full 6):
 PSYoungGen      total 444416K, used 423871K [0x00000000e0000000, 0x00000000ffc00000, 0x0000000100000000)
  eden space 414208K, 100% used [0x00000000e0000000,0x00000000f9480000,0x00000000f9480000)
  from space 30208K, 31% used [0x00000000f9480000,0x00000000f9deff68,0x00000000fb200000)
  to   space 28672K, 0% used [0x00000000fe000000,0x00000000fe000000,0x00000000ffc00000)
 ParOldGen       total 96768K, used 38133K [0x00000000a0000000, 0x00000000a5e80000, 0x00000000e0000000)
  object space 96768K, 39% used [0x00000000a0000000,0x00000000a253d448,0x00000000a5e80000)
 Metaspace       used 68641K, capacity 71320K, committed 71552K, reserved 1112064K
  class space    used 8730K, capacity 9282K, committed 9344K, reserved 1048576K
Event: 397.925 GC heap after
Heap after GC invocations=30 (full 6):
 PSYoungGen      total 488448K, used 23699K [0x00000000e0000000, 0x0000000100000000, 0x0000000100000000)
  eden space 459776K, 0% used [0x00000000e0000000,0x00000000e0000000,0x00000000fc100000)
  from space 28672K, 82% used [0x00000000fe000000,0x00000000ff724cf8,0x00000000ffc00000)
  to   space 31744K, 0% used [0x00000000fc100000,0x00000000fc100000,0x00000000fe000000)
 ParOldGen       total 96768K, used 38141K [0x00000000a0000000, 0x00000000a5e80000, 0x00000000e0000000)
  object space 96768K, 39% used [0x00000000a0000000,0x00000000a253f448,0x00000000a5e80000)
 Metaspace       used 68641K, capacity 71320K, committed 71552K, reserved 1112064K
  class space    used 8730K, capacity 9282K, committed 9344K, reserved 1048576K
}
Event: 398.700 GC heap before
{Heap before GC invocations=31 (full 6):
 PSYoungGen      total 488448K, used 483475K [0x00000000e0000000, 0x0000000100000000, 0x0000000100000000)
  eden space 459776K, 100% used [0x00000000e0000000,0x00000000fc100000,0x00000000fc100000)
  from space 28672K, 82% used [0x00000000fe000000,0x00000000ff724cf8,0x00000000ffc00000)
  to   space 31744K, 0% used [0x00000000fc100000,0x00000000fc100000,0x00000000fe000000)
 ParOldGen       total 96768K, used 38141K [0x00000000a0000000, 0x00000000a5e80000, 0x00000000e0000000)
  object space 96768K, 39% used [0x00000000a0000000,0x00000000a253f448,0x00000000a5e80000)
 Metaspace       used 68739K, capacity 71384K, committed 71552K, reserved 1112064K
  class space    used 8731K, capacity 9282K, committed 9344K, reserved 1048576K
Event: 398.762 GC heap after
Heap after GC invocations=31 (full 6):
 PSYoungGen      total 491520K, used 31736K [0x00000000e0000000, 0x0000000100000000, 0x0000000100000000)
  eden space 459776K, 0% used [0x00000000e0000000,0x00000000e0000000,0x00000000fc100000)
  from space 31744K, 99% used [0x00000000fc100000,0x00000000fdffe140,0x00000000fe000000)
  to   space 32768K, 0% used [0x00000000fe000000,0x00000000fe000000,0x0000000100000000)
 ParOldGen       total 96768K, used 67970K [0x00000000a0000000, 0x00000000a5e80000, 0x00000000e0000000)
  object space 96768K, 70% used [0x00000000a0000000,0x00000000a4260bf0,0x00000000a5e80000)
 Metaspace       used 68739K, capacity 71384K, committed 71552K, reserved 1112064K
  class space    used 8731K, capacity 9282K, committed 9344K, reserved 1048576K
}
Event: 399.656 GC heap before
{Heap before GC invocations=32 (full 6):
 PSYoungGen      total 491520K, used 491512K [0x00000000e0000000, 0x0000000100000000, 0x0000000100000000)
  eden space 459776K, 100% used [0x00000000e0000000,0x00000000fc100000,0x00000000fc100000)
  from space 31744K, 99% used [0x00000000fc100000,0x00000000fdffe140,0x00000000fe000000)
  to   space 32768K, 0% used [0x00000000fe000000,0x00000000fe000000,0x0000000100000000)
 ParOldGen       total 96768K, used 67970K [0x00000000a0000000, 0x00000000a5e80000, 0x00000000e0000000)
  object space 96768K, 70% used [0x00000000a0000000,0x00000000a4260bf0,0x00000000a5e80000)
 Metaspace       used 68812K, capacity 71512K, committed 71808K, reserved 1112064K
  class space    used 8731K, capacity 9282K, committed 9344K, reserved 1048576K
Event: 399.711 GC heap after
Heap after GC invocations=32 (full 6):
 PSYoungGen      total 441344K, used 32762K [0x00000000e0000000, 0x0000000100000000, 0x0000000100000000)
  eden space 408576K, 0% used [0x00000000e0000000,0x00000000e0000000,0x00000000f8f00000)
  from space 32768K, 99% used [0x00000000fe000000,0x00000000ffffeb68,0x0000000100000000)
  to   space 57856K, 0% used [0x00000000f8f00000,0x00000000f8f00000,0x00000000fc780000)
 ParOldGen       total 96768K, used 87866K [0x00000000a0000000, 0x00000000a5e80000, 0x00000000e0000000)
  object space 96768K, 90% used [0x00000000a0000000,0x00000000a55ceae8,0x00000000a5e80000)
 Metaspace       used 68812K, capacity 71512K, committed 71808K, reserved 1112064K
  class space    used 8731K, capacity 9282K, committed 9344K, reserved 1048576K
}
Event: 399.712 GC heap before
{Heap before GC invocations=33 (full 7):
 PSYoungGen      total 441344K, used 32762K [0x00000000e0000000, 0x0000000100000000, 0x0000000100000000)
  eden space 408576K, 0% used [0x00000000e0000000,0x00000000e0000000,0x00000000f8f00000)
  from space 32768K, 99% used [0x00000000fe000000,0x00000000ffffeb68,0x0000000100000000)
  to   space 57856K, 0% used [0x00000000f8f00000,0x00000000f8f00000,0x00000000fc780000)
 ParOldGen       total 96768K, used 87866K [0x00000000a0000000, 0x00000000a5e80000, 0x00000000e0000000)
  object space 96768K, 90% used [0x00000000a0000000,0x00000000a55ceae8,0x00000000a5e80000)
 Metaspace       used 68812K, capacity 71512K, committed 71808K, reserved 1112064K
  class space    used 8731K, capacity 9282K, committed 9344K, reserved 1048576K

