# JRE version: Java(TM) SE Runtime Environment (8.0_112-b15) (build 1.8.0_112-b15)
# Java VM: Java HotSpot(TM) 64-Bit Server VM (25.112-b15 mixed mode linux-amd64 compressed oops)
Heap:
 PSYoungGen      total 140800K, used 12784K [0x00000000e0000000, 0x00000000e9600000, 0x0000000100000000)
  eden space 128000K, 0% used [0x00000000e0000000,0x00000000e0000000,0x00000000e7d00000)
  from space 12800K, 99% used [0x00000000e7d00000,0x00000000e897c010,0x00000000e8980000)
  to   space 11264K, 0% used [0x00000000e8b00000,0x00000000e8b00000,0x00000000e9600000)
 ParOldGen       total 46592K, used 26010K [0x00000000a0000000, 0x00000000a2d80000, 0x00000000e0000000)
  object space 46592K, 55% used [0x00000000a0000000,0x00000000a1966a48,0x00000000a2d80000)
 Metaspace       used 48953K, capacity 50194K, committed 50304K, reserved 1093632K
  class space    used 6712K, capacity 7013K, committed 7040K, reserved 1048576K
GC Heap History (10 events):
Event: 3.270 GC heap after
Heap after GC invocations=8 (full 1):
 PSYoungGen      total 76800K, used 7155K [0x00000000e0000000, 0x00000000e7500000, 0x0000000100000000)
  eden space 69632K, 0% used [0x00000000e0000000,0x00000000e0000000,0x00000000e4400000)
  from space 7168K, 99% used [0x00000000e4400000,0x00000000e4afce88,0x00000000e4b00000)
  to   space 8704K, 0% used [0x00000000e6c80000,0x00000000e6c80000,0x00000000e7500000)
 ParOldGen       total 32768K, used 13950K [0x00000000a0000000, 0x00000000a2000000, 0x00000000e0000000)
  object space 32768K, 42% used [0x00000000a0000000,0x00000000a0d9fbb8,0x00000000a2000000)
 Metaspace       used 26188K, capacity 26658K, committed 26880K, reserved 1073152K
  class space    used 3700K, capacity 3813K, committed 3840K, reserved 1048576K
}
Event: 3.952 GC heap before
{Heap before GC invocations=9 (full 1):
 PSYoungGen      total 76800K, used 76787K [0x00000000e0000000, 0x00000000e7500000, 0x0000000100000000)
  eden space 69632K, 100% used [0x00000000e0000000,0x00000000e4400000,0x00000000e4400000)
  from space 7168K, 99% used [0x00000000e4400000,0x00000000e4afce88,0x00000000e4b00000)
  to   space 8704K, 0% used [0x00000000e6c80000,0x00000000e6c80000,0x00000000e7500000)
 ParOldGen       total 32768K, used 13950K [0x00000000a0000000, 0x00000000a2000000, 0x00000000e0000000)
  object space 32768K, 42% used [0x00000000a0000000,0x00000000a0d9fbb8,0x00000000a2000000)
 Metaspace       used 27639K, capacity 28154K, committed 28416K, reserved 1073152K
  class space    used 3857K, capacity 4009K, committed 4096K, reserved 1048576K
Event: 3.970 GC heap after
Heap after GC invocations=9 (full 1):
 PSYoungGen      total 111104K, used 5230K [0x00000000e0000000, 0x00000000e7500000, 0x0000000100000000)
  eden space 102400K, 0% used [0x00000000e0000000,0x00000000e0000000,0x00000000e6400000)
  from space 8704K, 60% used [0x00000000e6c80000,0x00000000e719b8e0,0x00000000e7500000)
  to   space 8704K, 0% used [0x00000000e6400000,0x00000000e6400000,0x00000000e6c80000)
 ParOldGen       total 32768K, used 13958K [0x00000000a0000000, 0x00000000a2000000, 0x00000000e0000000)
  object space 32768K, 42% used [0x00000000a0000000,0x00000000a0da1bb8,0x00000000a2000000)
 Metaspace       used 27639K, capacity 28154K, committed 28416K, reserved 1073152K
  class space    used 3857K, capacity 4009K, committed 4096K, reserved 1048576K
}
Event: 5.058 GC heap before
{Heap before GC invocations=10 (full 1):
 PSYoungGen      total 111104K, used 103075K [0x00000000e0000000, 0x00000000e7500000, 0x0000000100000000)
  eden space 102400K, 95% used [0x00000000e0000000,0x00000000e5f8d6c0,0x00000000e6400000)
  from space 8704K, 60% used [0x00000000e6c80000,0x00000000e719b8e0,0x00000000e7500000)
  to   space 8704K, 0% used [0x00000000e6400000,0x00000000e6400000,0x00000000e6c80000)
 ParOldGen       total 32768K, used 13958K [0x00000000a0000000, 0x00000000a2000000, 0x00000000e0000000)
  object space 32768K, 42% used [0x00000000a0000000,0x00000000a0da1bb8,0x00000000a2000000)
 Metaspace       used 34589K, capacity 35132K, committed 35456K, reserved 1079296K
  class space    used 4766K, capacity 4929K, committed 4992K, reserved 1048576K
Event: 5.081 GC heap after
Heap after GC invocations=10 (full 1):
 PSYoungGen      total 111104K, used 8700K [0x00000000e0000000, 0x00000000e9680000, 0x0000000100000000)
  eden space 102400K, 0% used [0x00000000e0000000,0x00000000e0000000,0x00000000e6400000)
  from space 8704K, 99% used [0x00000000e6400000,0x00000000e6c7f3c8,0x00000000e6c80000)
  to   space 11776K, 0% used [0x00000000e8b00000,0x00000000e8b00000,0x00000000e9680000)
 ParOldGen       total 32768K, used 17863K [0x00000000a0000000, 0x00000000a2000000, 0x00000000e0000000)
  object space 32768K, 54% used [0x00000000a0000000,0x00000000a1171fa0,0x00000000a2000000)
 Metaspace       used 34589K, capacity 35132K, committed 35456K, reserved 1079296K
  class space    used 4766K, capacity 4929K, committed 4992K, reserved 1048576K
}
Event: 5.081 GC heap before
{Heap before GC invocations=11 (full 2):
 PSYoungGen      total 111104K, used 8700K [0x00000000e0000000, 0x00000000e9680000, 0x0000000100000000)
  eden space 102400K, 0% used [0x00000000e0000000,0x00000000e0000000,0x00000000e6400000)
  from space 8704K, 99% used [0x00000000e6400000,0x00000000e6c7f3c8,0x00000000e6c80000)
  to   space 11776K, 0% used [0x00000000e8b00000,0x00000000e8b00000,0x00000000e9680000)
 ParOldGen       total 32768K, used 17863K [0x00000000a0000000, 0x00000000a2000000, 0x00000000e0000000)
  object space 32768K, 54% used [0x00000000a0000000,0x00000000a1171fa0,0x00000000a2000000)
 Metaspace       used 34589K, capacity 35132K, committed 35456K, reserved 1079296K
  class space    used 4766K, capacity 4929K, committed 4992K, reserved 1048576K
Event: 5.174 GC heap after
Heap after GC invocations=11 (full 2):
 PSYoungGen      total 111104K, used 0K [0x00000000e0000000, 0x00000000e9680000, 0x0000000100000000)
  eden space 102400K, 0% used [0x00000000e0000000,0x00000000e0000000,0x00000000e6400000)
  from space 8704K, 0% used [0x00000000e6400000,0x00000000e6400000,0x00000000e6c80000)
  to   space 11776K, 0% used [0x00000000e8b00000,0x00000000e8b00000,0x00000000e9680000)
 ParOldGen       total 46592K, used 19053K [0x00000000a0000000, 0x00000000a2d80000, 0x00000000e0000000)
  object space 46592K, 40% used [0x00000000a0000000,0x00000000a129b4c8,0x00000000a2d80000)
 Metaspace       used 34589K, capacity 35132K, committed 35456K, reserved 1079296K
  class space    used 4766K, capacity 4929K, committed 4992K, reserved 1048576K
}
Event: 6.371 GC heap before
{Heap before GC invocations=12 (full 2):
 PSYoungGen      total 111104K, used 102400K [0x00000000e0000000, 0x00000000e9680000, 0x0000000100000000)
  eden space 102400K, 100% used [0x00000000e0000000,0x00000000e6400000,0x00000000e6400000)
  from space 8704K, 0% used [0x00000000e6400000,0x00000000e6400000,0x00000000e6c80000)
  to   space 11776K, 0% used [0x00000000e8b00000,0x00000000e8b00000,0x00000000e9680000)
 ParOldGen       total 46592K, used 19053K [0x00000000a0000000, 0x00000000a2d80000, 0x00000000e0000000)
  object space 46592K, 40% used [0x00000000a0000000,0x00000000a129b4c8,0x00000000a2d80000)
 Metaspace       used 43151K, capacity 43966K, committed 44288K, reserved 1087488K
  class space    used 5903K, capacity 6117K, committed 6144K, reserved 1048576K
Event: 6.388 GC heap after
Heap after GC invocations=12 (full 2):
 PSYoungGen      total 139264K, used 9857K [0x00000000e0000000, 0x00000000e9600000, 0x0000000100000000)
  eden space 128000K, 0% used [0x00000000e0000000,0x00000000e0000000,0x00000000e7d00000)
  from space 11264K, 87% used [0x00000000e8b00000,0x00000000e94a07e8,0x00000000e9600000)
  to   space 12800K, 0% used [0x00000000e7d00000,0x00000000e7d00000,0x00000000e8980000)
 ParOldGen       total 46592K, used 19125K [0x00000000a0000000, 0x00000000a2d80000, 0x00000000e0000000)
  object space 46592K, 41% used [0x00000000a0000000,0x00000000a12ad4d8,0x00000000a2d80000)
 Metaspace       used 43151K, capacity 43966K, committed 44288K, reserved 1087488K
  class space    used 5903K, capacity 6117K, committed 6144K, reserved 1048576K
}
Event: 7.831 GC heap before
{Heap before GC invocations=13 (full 2):
 PSYoungGen      total 139264K, used 137857K [0x00000000e0000000, 0x00000000e9600000, 0x0000000100000000)
  eden space 128000K, 100% used [0x00000000e0000000,0x00000000e7d00000,0x00000000e7d00000)
  from space 11264K, 87% used [0x00000000e8b00000,0x00000000e94a07e8,0x00000000e9600000)
  to   space 12800K, 0% used [0x00000000e7d00000,0x00000000e7d00000,0x00000000e8980000)
 ParOldGen       total 46592K, used 19125K [0x00000000a0000000, 0x00000000a2d80000, 0x00000000e0000000)
  object space 46592K, 41% used [0x00000000a0000000,0x00000000a12ad4d8,0x00000000a2d80000)
 Metaspace       used 48953K, capacity 50194K, committed 50304K, reserved 1093632K
  class space    used 6712K, capacity 7013K, committed 7040K, reserved 1048576K

