# JRE version: Java(TM) SE Runtime Environment (8.0_112-b15) (build 1.8.0_112-b15)
# Java VM: Java HotSpot(TM) 64-Bit Server VM (25.112-b15 mixed mode linux-amd64 compressed oops)
Heap:
 PSYoungGen      total 136704K, used 12783K [0x00000000e0000000, 0x00000000e9480000, 0x0000000100000000)
  eden space 123904K, 0% used [0x00000000e0000000,0x00000000e0000000,0x00000000e7900000)
  from space 12800K, 99% used [0x00000000e7900000,0x00000000e857bff0,0x00000000e8580000)
  to   space 11776K, 0% used [0x00000000e8580000,0x00000000e8580000,0x00000000e9100000)
 ParOldGen       total 46080K, used 23888K [0x00000000a0000000, 0x00000000a2d00000, 0x00000000e0000000)
  object space 46080K, 51% used [0x00000000a0000000,0x00000000a17540f8,0x00000000a2d00000)
 Metaspace       used 48737K, capacity 50046K, committed 50304K, reserved 1093632K
  class space    used 6672K, capacity 6983K, committed 7040K, reserved 1048576K
GC Heap History (10 events):
Event: 3.157 GC heap after
Heap after GC invocations=8 (full 1):
 PSYoungGen      total 76800K, used 7166K [0x00000000e0000000, 0x00000000e7580000, 0x0000000100000000)
  eden space 69632K, 0% used [0x00000000e0000000,0x00000000e0000000,0x00000000e4400000)
  from space 7168K, 99% used [0x00000000e4400000,0x00000000e4aff910,0x00000000e4b00000)
  to   space 8704K, 0% used [0x00000000e6d00000,0x00000000e6d00000,0x00000000e7580000)
 ParOldGen       total 31744K, used 13094K [0x00000000a0000000, 0x00000000a1f00000, 0x00000000e0000000)
  object space 31744K, 41% used [0x00000000a0000000,0x00000000a0cc98b8,0x00000000a1f00000)
 Metaspace       used 26286K, capacity 26766K, committed 27008K, reserved 1073152K
  class space    used 3710K, capacity 3847K, committed 3968K, reserved 1048576K
}
Event: 3.826 GC heap before
{Heap before GC invocations=9 (full 1):
 PSYoungGen      total 76800K, used 76798K [0x00000000e0000000, 0x00000000e7580000, 0x0000000100000000)
  eden space 69632K, 100% used [0x00000000e0000000,0x00000000e4400000,0x00000000e4400000)
  from space 7168K, 99% used [0x00000000e4400000,0x00000000e4aff910,0x00000000e4b00000)
  to   space 8704K, 0% used [0x00000000e6d00000,0x00000000e6d00000,0x00000000e7580000)
 ParOldGen       total 31744K, used 13094K [0x00000000a0000000, 0x00000000a1f00000, 0x00000000e0000000)
  object space 31744K, 41% used [0x00000000a0000000,0x00000000a0cc98b8,0x00000000a1f00000)
 Metaspace       used 27697K, capacity 28230K, committed 28416K, reserved 1073152K
  class space    used 3861K, capacity 4011K, committed 4096K, reserved 1048576K
Event: 3.837 GC heap after
Heap after GC invocations=9 (full 1):
 PSYoungGen      total 106496K, used 5045K [0x00000000e0000000, 0x00000000e7300000, 0x0000000100000000)
  eden space 100352K, 0% used [0x00000000e0000000,0x00000000e0000000,0x00000000e6200000)
  from space 6144K, 82% used [0x00000000e6d00000,0x00000000e71ed708,0x00000000e7300000)
  to   space 8704K, 0% used [0x00000000e6200000,0x00000000e6200000,0x00000000e6a80000)
 ParOldGen       total 31744K, used 13102K [0x00000000a0000000, 0x00000000a1f00000, 0x00000000e0000000)
  object space 31744K, 41% used [0x00000000a0000000,0x00000000a0ccb8b8,0x00000000a1f00000)
 Metaspace       used 27697K, capacity 28230K, committed 28416K, reserved 1073152K
  class space    used 3861K, capacity 4011K, committed 4096K, reserved 1048576K
}
Event: 4.974 GC heap before
{Heap before GC invocations=10 (full 1):
 PSYoungGen      total 106496K, used 101612K [0x00000000e0000000, 0x00000000e7300000, 0x0000000100000000)
  eden space 100352K, 96% used [0x00000000e0000000,0x00000000e5e4dc80,0x00000000e6200000)
  from space 6144K, 82% used [0x00000000e6d00000,0x00000000e71ed708,0x00000000e7300000)
  to   space 8704K, 0% used [0x00000000e6200000,0x00000000e6200000,0x00000000e6a80000)
 ParOldGen       total 31744K, used 13102K [0x00000000a0000000, 0x00000000a1f00000, 0x00000000e0000000)
  object space 31744K, 41% used [0x00000000a0000000,0x00000000a0ccb8b8,0x00000000a1f00000)
 Metaspace       used 34675K, capacity 35208K, committed 35456K, reserved 1079296K
  class space    used 4770K, capacity 4931K, committed 4992K, reserved 1048576K
Event: 4.989 GC heap after
Heap after GC invocations=10 (full 1):
 PSYoungGen      total 109056K, used 8678K [0x00000000e0000000, 0x00000000e9100000, 0x0000000100000000)
  eden space 100352K, 0% used [0x00000000e0000000,0x00000000e0000000,0x00000000e6200000)
  from space 8704K, 99% used [0x00000000e6200000,0x00000000e6a798e0,0x00000000e6a80000)
  to   space 11776K, 0% used [0x00000000e8580000,0x00000000e8580000,0x00000000e9100000)
 ParOldGen       total 31744K, used 17003K [0x00000000a0000000, 0x00000000a1f00000, 0x00000000e0000000)
  object space 31744K, 53% used [0x00000000a0000000,0x00000000a109af98,0x00000000a1f00000)
 Metaspace       used 34675K, capacity 35208K, committed 35456K, reserved 1079296K
  class space    used 4770K, capacity 4931K, committed 4992K, reserved 1048576K
}
Event: 4.989 GC heap before
{Heap before GC invocations=11 (full 2):
 PSYoungGen      total 109056K, used 8678K [0x00000000e0000000, 0x00000000e9100000, 0x0000000100000000)
  eden space 100352K, 0% used [0x00000000e0000000,0x00000000e0000000,0x00000000e6200000)
  from space 8704K, 99% used [0x00000000e6200000,0x00000000e6a798e0,0x00000000e6a80000)
  to   space 11776K, 0% used [0x00000000e8580000,0x00000000e8580000,0x00000000e9100000)
 ParOldGen       total 31744K, used 17003K [0x00000000a0000000, 0x00000000a1f00000, 0x00000000e0000000)
  object space 31744K, 53% used [0x00000000a0000000,0x00000000a109af98,0x00000000a1f00000)
 Metaspace       used 34675K, capacity 35208K, committed 35456K, reserved 1079296K
  class space    used 4770K, capacity 4931K, committed 4992K, reserved 1048576K
Event: 5.045 GC heap after
Heap after GC invocations=11 (full 2):
 PSYoungGen      total 109056K, used 0K [0x00000000e0000000, 0x00000000e9100000, 0x0000000100000000)
  eden space 100352K, 0% used [0x00000000e0000000,0x00000000e0000000,0x00000000e6200000)
  from space 8704K, 0% used [0x00000000e6200000,0x00000000e6200000,0x00000000e6a80000)
  to   space 11776K, 0% used [0x00000000e8580000,0x00000000e8580000,0x00000000e9100000)
 ParOldGen       total 46080K, used 19065K [0x00000000a0000000, 0x00000000a2d00000, 0x00000000e0000000)
  object space 46080K, 41% used [0x00000000a0000000,0x00000000a129e750,0x00000000a2d00000)
 Metaspace       used 34675K, capacity 35208K, committed 35456K, reserved 1079296K
  class space    used 4770K, capacity 4931K, committed 4992K, reserved 1048576K
}
Event: 6.157 GC heap before
{Heap before GC invocations=12 (full 2):
 PSYoungGen      total 109056K, used 100352K [0x00000000e0000000, 0x00000000e9100000, 0x0000000100000000)
  eden space 100352K, 100% used [0x00000000e0000000,0x00000000e6200000,0x00000000e6200000)
  from space 8704K, 0% used [0x00000000e6200000,0x00000000e6200000,0x00000000e6a80000)
  to   space 11776K, 0% used [0x00000000e8580000,0x00000000e8580000,0x00000000e9100000)
 ParOldGen       total 46080K, used 19065K [0x00000000a0000000, 0x00000000a2d00000, 0x00000000e0000000)
  object space 46080K, 41% used [0x00000000a0000000,0x00000000a129e750,0x00000000a2d00000)
 Metaspace       used 43137K, capacity 43978K, committed 44288K, reserved 1087488K
  class space    used 5893K, capacity 6143K, committed 6144K, reserved 1048576K
Event: 6.170 GC heap after
Heap after GC invocations=12 (full 2):
 PSYoungGen      total 135680K, used 9516K [0x00000000e0000000, 0x00000000e9480000, 0x0000000100000000)
  eden space 123904K, 0% used [0x00000000e0000000,0x00000000e0000000,0x00000000e7900000)
  from space 11776K, 80% used [0x00000000e8580000,0x00000000e8ecb3d0,0x00000000e9100000)
  to   space 12800K, 0% used [0x00000000e7900000,0x00000000e7900000,0x00000000e8580000)
 ParOldGen       total 46080K, used 19073K [0x00000000a0000000, 0x00000000a2d00000, 0x00000000e0000000)
  object space 46080K, 41% used [0x00000000a0000000,0x00000000a12a0750,0x00000000a2d00000)
 Metaspace       used 43137K, capacity 43978K, committed 44288K, reserved 1087488K
  class space    used 5893K, capacity 6143K, committed 6144K, reserved 1048576K
}
Event: 7.656 GC heap before
{Heap before GC invocations=13 (full 2):
 PSYoungGen      total 135680K, used 133420K [0x00000000e0000000, 0x00000000e9480000, 0x0000000100000000)
  eden space 123904K, 100% used [0x00000000e0000000,0x00000000e7900000,0x00000000e7900000)
  from space 11776K, 80% used [0x00000000e8580000,0x00000000e8ecb3d0,0x00000000e9100000)
  to   space 12800K, 0% used [0x00000000e7900000,0x00000000e7900000,0x00000000e8580000)
 ParOldGen       total 46080K, used 19073K [0x00000000a0000000, 0x00000000a2d00000, 0x00000000e0000000)
  object space 46080K, 41% used [0x00000000a0000000,0x00000000a12a0750,0x00000000a2d00000)
 Metaspace       used 48737K, capacity 50046K, committed 50304K, reserved 1093632K
  class space    used 6672K, capacity 6983K, committed 7040K, reserved 1048576K

